<?xml version="1.0" encoding="UTF-8"?>
<testsuite xmlns:xsi="http://www.w3.org/2001/XMLSchema-instance" xsi:noNamespaceSchemaLocation="https://maven.apache.org/surefire/maven-surefire-plugin/xsd/surefire-test-report-3.0.xsd" version="3.0" name="tests.BrightHrTest" time="73.748" tests="3" errors="0" skipped="0" failures="2">
  <properties>
    <property name="java.specification.version" value="22"/>
    <property name="sun.jnu.encoding" value="UTF-8"/>
    <property name="java.class.path" value="/Users/appleberry/Downloads/playwright-brighthr/target/test-classes:/Users/appleberry/Downloads/playwright-brighthr/target/classes:/Users/appleberry/.m2/repository/com/microsoft/playwright/playwright/1.42.0/playwright-1.42.0.jar:/Users/appleberry/.m2/repository/com/google/code/gson/gson/2.10.1/gson-2.10.1.jar:/Users/appleberry/.m2/repository/org/opentest4j/opentest4j/1.3.0/opentest4j-1.3.0.jar:/Users/appleberry/.m2/repository/com/microsoft/playwright/driver/1.42.0/driver-1.42.0.jar:/Users/appleberry/.m2/repository/com/microsoft/playwright/driver-bundle/1.42.0/driver-bundle-1.42.0.jar:/Users/appleberry/.m2/repository/org/testng/testng/7.4.0/testng-7.4.0.jar:/Users/appleberry/.m2/repository/com/beust/jcommander/1.78/jcommander-1.78.jar:/Users/appleberry/.m2/repository/org/webjars/jquery/3.5.1/jquery-3.5.1.jar:"/>
    <property name="java.vm.vendor" value="Oracle Corporation"/>
    <property name="sun.arch.data.model" value="64"/>
    <property name="java.vendor.url" value="https://java.oracle.com/"/>
    <property name="user.timezone" value="Europe/London"/>
    <property name="os.name" value="Mac OS X"/>
    <property name="java.vm.specification.version" value="22"/>
    <property name="sun.java.launcher" value="SUN_STANDARD"/>
    <property name="user.country" value="GB"/>
    <property name="sun.boot.library.path" value="/Library/Java/JavaVirtualMachines/jdk-22.jdk/Contents/Home/lib"/>
    <property name="sun.java.command" value="/Users/appleberry/Downloads/playwright-brighthr/target/surefire/surefirebooter-20250617142857157_3.jar /Users/appleberry/Downloads/playwright-brighthr/target/surefire 2025-06-17T14-28-56_990-jvmRun1 surefire-20250617142857157_1tmp surefire_0-20250617142857157_2tmp"/>
    <property name="http.nonProxyHosts" value="local|*.local|169.254/16|*.169.254/16"/>
    <property name="jdk.debug" value="release"/>
    <property name="surefire.test.class.path" value="/Users/appleberry/Downloads/playwright-brighthr/target/test-classes:/Users/appleberry/Downloads/playwright-brighthr/target/classes:/Users/appleberry/.m2/repository/com/microsoft/playwright/playwright/1.42.0/playwright-1.42.0.jar:/Users/appleberry/.m2/repository/com/google/code/gson/gson/2.10.1/gson-2.10.1.jar:/Users/appleberry/.m2/repository/org/opentest4j/opentest4j/1.3.0/opentest4j-1.3.0.jar:/Users/appleberry/.m2/repository/com/microsoft/playwright/driver/1.42.0/driver-1.42.0.jar:/Users/appleberry/.m2/repository/com/microsoft/playwright/driver-bundle/1.42.0/driver-bundle-1.42.0.jar:/Users/appleberry/.m2/repository/org/testng/testng/7.4.0/testng-7.4.0.jar:/Users/appleberry/.m2/repository/com/beust/jcommander/1.78/jcommander-1.78.jar:/Users/appleberry/.m2/repository/org/webjars/jquery/3.5.1/jquery-3.5.1.jar:"/>
    <property name="sun.cpu.endian" value="little"/>
    <property name="user.home" value="/Users/appleberry"/>
    <property name="user.language" value="en"/>
    <property name="java.specification.vendor" value="Oracle Corporation"/>
    <property name="java.version.date" value="2024-03-19"/>
    <property name="java.home" value="/Library/Java/JavaVirtualMachines/jdk-22.jdk/Contents/Home"/>
    <property name="file.separator" value="/"/>
    <property name="basedir" value="/Users/appleberry/Downloads/playwright-brighthr"/>
    <property name="java.vm.compressedOopsMode" value="Zero based"/>
    <property name="line.separator" value="&#10;"/>
    <property name="java.vm.specification.vendor" value="Oracle Corporation"/>
    <property name="java.specification.name" value="Java Platform API Specification"/>
    <property name="apple.awt.application.name" value="ForkedBooter"/>
    <property name="surefire.real.class.path" value="/Users/appleberry/Downloads/playwright-brighthr/target/surefire/surefirebooter-20250617142857157_3.jar"/>
    <property name="sun.management.compiler" value="HotSpot 64-Bit Tiered Compilers"/>
    <property name="ftp.nonProxyHosts" value="local|*.local|169.254/16|*.169.254/16"/>
    <property name="java.runtime.version" value="22+36-2370"/>
    <property name="user.name" value="appleberry"/>
    <property name="stdout.encoding" value="UTF-8"/>
    <property name="path.separator" value=":"/>
    <property name="os.version" value="12.7.6"/>
    <property name="java.runtime.name" value="Java(TM) SE Runtime Environment"/>
    <property name="file.encoding" value="UTF-8"/>
    <property name="java.vm.name" value="Java HotSpot(TM) 64-Bit Server VM"/>
    <property name="localRepository" value="/Users/appleberry/.m2/repository"/>
    <property name="java.vendor.url.bug" value="https://bugreport.java.com/bugreport/"/>
    <property name="java.io.tmpdir" value="/var/folders/05/hxtcj21x1ks01xktcq0nwfs40000gn/T/"/>
    <property name="java.version" value="22"/>
    <property name="user.dir" value="/Users/appleberry/Downloads/playwright-brighthr"/>
    <property name="os.arch" value="x86_64"/>
    <property name="java.vm.specification.name" value="Java Virtual Machine Specification"/>
    <property name="native.encoding" value="UTF-8"/>
    <property name="java.library.path" value="/Users/appleberry/Library/Java/Extensions:/Library/Java/Extensions:/Network/Library/Java/Extensions:/System/Library/Java/Extensions:/usr/lib/java:."/>
    <property name="java.vm.info" value="mixed mode, sharing"/>
    <property name="stderr.encoding" value="UTF-8"/>
    <property name="java.vendor" value="Oracle Corporation"/>
    <property name="java.vm.version" value="22+36-2370"/>
    <property name="sun.io.unicode.encoding" value="UnicodeBig"/>
    <property name="socksNonProxyHosts" value="local|*.local|169.254/16|*.169.254/16"/>
    <property name="java.class.version" value="66.0"/>
  </properties>
  <testcase name="testLogin" classname="tests.BrightHrTest" time="7.683">
    <system-out><![CDATA[Skipping browsers download because `PLAYWRIGHT_SKIP_BROWSER_DOWNLOAD` env variable is set
]]></system-out>
  </testcase>
  <testcase name="testAddEmployees" classname="tests.BrightHrTest" time="30.048">
    <failure message="Error {&#10;  message=&apos;Timeout 30000ms exceeded.&#10;  name=&apos;TimeoutError&#10;  stack=&apos;TimeoutError: Timeout 30000ms exceeded.&#10;    at ProgressController.run (/private/var/folders/05/hxtcj21x1ks01xktcq0nwfs40000gn/T/playwright-java-4538967985815362162/package/lib/server/progress.js:78:26)&#10;    at Frame.click (/private/var/folders/05/hxtcj21x1ks01xktcq0nwfs40000gn/T/playwright-java-4538967985815362162/package/lib/server/frames.js:996:23)&#10;    at FrameDispatcher.click (/private/var/folders/05/hxtcj21x1ks01xktcq0nwfs40000gn/T/playwright-java-4538967985815362162/package/lib/server/dispatchers/frameDispatcher.js:158:30)&#10;    at FrameDispatcher._handleCommand (/private/var/folders/05/hxtcj21x1ks01xktcq0nwfs40000gn/T/playwright-java-4538967985815362162/package/lib/server/dispatchers/dispatcher.js:94:40)&#10;    at DispatcherConnection.dispatch (/private/var/folders/05/hxtcj21x1ks01xktcq0nwfs40000gn/T/playwright-java-4538967985815362162/package/lib/server/dispatchers/dispatcher.js:365:39)&#10;}&#10;Call log:&#10;- waiting for locator(&quot;[data-tab=&apos;employees&apos;]&quot;)&#10;" type="com.microsoft.playwright.TimeoutError"><![CDATA[com.microsoft.playwright.TimeoutError: 
Error {
  message='Timeout 30000ms exceeded.
  name='TimeoutError
  stack='TimeoutError: Timeout 30000ms exceeded.
    at ProgressController.run (/private/var/folders/05/hxtcj21x1ks01xktcq0nwfs40000gn/T/playwright-java-4538967985815362162/package/lib/server/progress.js:78:26)
    at Frame.click (/private/var/folders/05/hxtcj21x1ks01xktcq0nwfs40000gn/T/playwright-java-4538967985815362162/package/lib/server/frames.js:996:23)
    at FrameDispatcher.click (/private/var/folders/05/hxtcj21x1ks01xktcq0nwfs40000gn/T/playwright-java-4538967985815362162/package/lib/server/dispatchers/frameDispatcher.js:158:30)
    at FrameDispatcher._handleCommand (/private/var/folders/05/hxtcj21x1ks01xktcq0nwfs40000gn/T/playwright-java-4538967985815362162/package/lib/server/dispatchers/dispatcher.js:94:40)
    at DispatcherConnection.dispatch (/private/var/folders/05/hxtcj21x1ks01xktcq0nwfs40000gn/T/playwright-java-4538967985815362162/package/lib/server/dispatchers/dispatcher.js:365:39)
}
Call log:
- waiting for locator("[data-tab='employees']")

	at com.microsoft.playwright.impl.WaitableResult.get(WaitableResult.java:52)
	at com.microsoft.playwright.impl.ChannelOwner.runUntil(ChannelOwner.java:120)
	at com.microsoft.playwright.impl.Connection.sendMessage(Connection.java:130)
	at com.microsoft.playwright.impl.ChannelOwner.sendMessage(ChannelOwner.java:106)
	at com.microsoft.playwright.impl.FrameImpl.clickImpl(FrameImpl.java:252)
	at com.microsoft.playwright.impl.PageImpl.lambda$click$18(PageImpl.java:620)
	at com.microsoft.playwright.impl.LoggingSupport.lambda$withLogging$0(LoggingSupport.java:36)
	at com.microsoft.playwright.impl.LoggingSupport.withLogging(LoggingSupport.java:47)
	at com.microsoft.playwright.impl.ChannelOwner.withLogging(ChannelOwner.java:89)
	at com.microsoft.playwright.impl.LoggingSupport.withLogging(LoggingSupport.java:35)
	at com.microsoft.playwright.impl.PageImpl.click(PageImpl.java:619)
	at com.microsoft.playwright.Page.click(Page.java:3801)
	at pages.EmployeePage.goToEmployeeTab(EmployeePage.java:18)
	at tests.BrightHrTest.testAddEmployees(BrightHrTest.java:40)
	at java.base/jdk.internal.reflect.DirectMethodHandleAccessor.invoke(DirectMethodHandleAccessor.java:103)
	at java.base/java.lang.reflect.Method.invoke(Method.java:580)
	at org.testng.internal.MethodInvocationHelper.invokeMethod(MethodInvocationHelper.java:133)
	at org.testng.internal.TestInvoker.invokeMethod(TestInvoker.java:598)
	at org.testng.internal.TestInvoker.invokeTestMethod(TestInvoker.java:173)
	at org.testng.internal.MethodRunner.runInSequence(MethodRunner.java:46)
	at org.testng.internal.TestInvoker$MethodInvocationAgent.invoke(TestInvoker.java:824)
	at org.testng.internal.TestInvoker.invokeTestMethods(TestInvoker.java:146)
	at org.testng.internal.TestMethodWorker.invokeTestMethods(TestMethodWorker.java:146)
	at org.testng.internal.TestMethodWorker.run(TestMethodWorker.java:128)
	at java.base/java.util.ArrayList.forEach(ArrayList.java:1597)
	at org.testng.TestRunner.privateRun(TestRunner.java:794)
	at org.testng.TestRunner.run(TestRunner.java:596)
	at org.testng.SuiteRunner.runTest(SuiteRunner.java:377)
	at org.testng.SuiteRunner.runSequentially(SuiteRunner.java:371)
	at org.testng.SuiteRunner.privateRun(SuiteRunner.java:332)
	at org.testng.SuiteRunner.run(SuiteRunner.java:276)
	at org.testng.SuiteRunnerWorker.runSuite(SuiteRunnerWorker.java:53)
	at org.testng.SuiteRunnerWorker.run(SuiteRunnerWorker.java:96)
	at org.testng.TestNG.runSuitesSequentially(TestNG.java:1212)
	at org.testng.TestNG.runSuitesLocally(TestNG.java:1134)
	at org.testng.TestNG.runSuites(TestNG.java:1063)
	at org.testng.TestNG.run(TestNG.java:1031)
	at org.apache.maven.surefire.testng.TestNGExecutor.run(TestNGExecutor.java:155)
	at org.apache.maven.surefire.testng.TestNGDirectoryTestSuite.executeSingleClass(TestNGDirectoryTestSuite.java:102)
	at org.apache.maven.surefire.testng.TestNGDirectoryTestSuite.execute(TestNGDirectoryTestSuite.java:91)
	at org.apache.maven.surefire.testng.TestNGProvider.invoke(TestNGProvider.java:137)
	at org.apache.maven.surefire.booter.ForkedBooter.runSuitesInProcess(ForkedBooter.java:385)
	at org.apache.maven.surefire.booter.ForkedBooter.execute(ForkedBooter.java:162)
	at org.apache.maven.surefire.booter.ForkedBooter.run(ForkedBooter.java:507)
	at org.apache.maven.surefire.booter.ForkedBooter.main(ForkedBooter.java:495)
Caused by: com.microsoft.playwright.TimeoutError: Error {
  message='Timeout 30000ms exceeded.
  name='TimeoutError
  stack='TimeoutError: Timeout 30000ms exceeded.
    at ProgressController.run (/private/var/folders/05/hxtcj21x1ks01xktcq0nwfs40000gn/T/playwright-java-4538967985815362162/package/lib/server/progress.js:78:26)
    at Frame.click (/private/var/folders/05/hxtcj21x1ks01xktcq0nwfs40000gn/T/playwright-java-4538967985815362162/package/lib/server/frames.js:996:23)
    at FrameDispatcher.click (/private/var/folders/05/hxtcj21x1ks01xktcq0nwfs40000gn/T/playwright-java-4538967985815362162/package/lib/server/dispatchers/frameDispatcher.js:158:30)
    at FrameDispatcher._handleCommand (/private/var/folders/05/hxtcj21x1ks01xktcq0nwfs40000gn/T/playwright-java-4538967985815362162/package/lib/server/dispatchers/dispatcher.js:94:40)
    at DispatcherConnection.dispatch (/private/var/folders/05/hxtcj21x1ks01xktcq0nwfs40000gn/T/playwright-java-4538967985815362162/package/lib/server/dispatchers/dispatcher.js:365:39)
}
Call log:
- waiting for locator("[data-tab='employees']")

	at com.microsoft.playwright.impl.Connection.dispatch(Connection.java:254)
	at com.microsoft.playwright.impl.Connection.processOneMessage(Connection.java:211)
	at com.microsoft.playwright.impl.ChannelOwner.runUntil(ChannelOwner.java:118)
	... 43 more
]]></failure>
  </testcase>
  <testcase name="testVerifyEmployees" classname="tests.BrightHrTest" time="30.014">
    <failure message="Error {&#10;  message=&apos;Timeout 30000ms exceeded.&#10;  name=&apos;TimeoutError&#10;  stack=&apos;TimeoutError: Timeout 30000ms exceeded.&#10;    at ProgressController.run (/private/var/folders/05/hxtcj21x1ks01xktcq0nwfs40000gn/T/playwright-java-4538967985815362162/package/lib/server/progress.js:78:26)&#10;    at Frame.click (/private/var/folders/05/hxtcj21x1ks01xktcq0nwfs40000gn/T/playwright-java-4538967985815362162/package/lib/server/frames.js:996:23)&#10;    at FrameDispatcher.click (/private/var/folders/05/hxtcj21x1ks01xktcq0nwfs40000gn/T/playwright-java-4538967985815362162/package/lib/server/dispatchers/frameDispatcher.js:158:30)&#10;    at FrameDispatcher._handleCommand (/private/var/folders/05/hxtcj21x1ks01xktcq0nwfs40000gn/T/playwright-java-4538967985815362162/package/lib/server/dispatchers/dispatcher.js:94:40)&#10;    at DispatcherConnection.dispatch (/private/var/folders/05/hxtcj21x1ks01xktcq0nwfs40000gn/T/playwright-java-4538967985815362162/package/lib/server/dispatchers/dispatcher.js:365:39)&#10;}&#10;Call log:&#10;- waiting for locator(&quot;[data-tab=&apos;employees&apos;]&quot;)&#10;" type="com.microsoft.playwright.TimeoutError"><![CDATA[com.microsoft.playwright.TimeoutError: 
Error {
  message='Timeout 30000ms exceeded.
  name='TimeoutError
  stack='TimeoutError: Timeout 30000ms exceeded.
    at ProgressController.run (/private/var/folders/05/hxtcj21x1ks01xktcq0nwfs40000gn/T/playwright-java-4538967985815362162/package/lib/server/progress.js:78:26)
    at Frame.click (/private/var/folders/05/hxtcj21x1ks01xktcq0nwfs40000gn/T/playwright-java-4538967985815362162/package/lib/server/frames.js:996:23)
    at FrameDispatcher.click (/private/var/folders/05/hxtcj21x1ks01xktcq0nwfs40000gn/T/playwright-java-4538967985815362162/package/lib/server/dispatchers/frameDispatcher.js:158:30)
    at FrameDispatcher._handleCommand (/private/var/folders/05/hxtcj21x1ks01xktcq0nwfs40000gn/T/playwright-java-4538967985815362162/package/lib/server/dispatchers/dispatcher.js:94:40)
    at DispatcherConnection.dispatch (/private/var/folders/05/hxtcj21x1ks01xktcq0nwfs40000gn/T/playwright-java-4538967985815362162/package/lib/server/dispatchers/dispatcher.js:365:39)
}
Call log:
- waiting for locator("[data-tab='employees']")

	at com.microsoft.playwright.impl.WaitableResult.get(WaitableResult.java:52)
	at com.microsoft.playwright.impl.ChannelOwner.runUntil(ChannelOwner.java:120)
	at com.microsoft.playwright.impl.Connection.sendMessage(Connection.java:130)
	at com.microsoft.playwright.impl.ChannelOwner.sendMessage(ChannelOwner.java:106)
	at com.microsoft.playwright.impl.FrameImpl.clickImpl(FrameImpl.java:252)
	at com.microsoft.playwright.impl.PageImpl.lambda$click$18(PageImpl.java:620)
	at com.microsoft.playwright.impl.LoggingSupport.lambda$withLogging$0(LoggingSupport.java:36)
	at com.microsoft.playwright.impl.LoggingSupport.withLogging(LoggingSupport.java:47)
	at com.microsoft.playwright.impl.ChannelOwner.withLogging(ChannelOwner.java:89)
	at com.microsoft.playwright.impl.LoggingSupport.withLogging(LoggingSupport.java:35)
	at com.microsoft.playwright.impl.PageImpl.click(PageImpl.java:619)
	at com.microsoft.playwright.Page.click(Page.java:3801)
	at pages.EmployeePage.goToEmployeeTab(EmployeePage.java:18)
	at tests.BrightHrTest.testVerifyEmployees(BrightHrTest.java:47)
	at java.base/jdk.internal.reflect.DirectMethodHandleAccessor.invoke(DirectMethodHandleAccessor.java:103)
	at java.base/java.lang.reflect.Method.invoke(Method.java:580)
	at org.testng.internal.MethodInvocationHelper.invokeMethod(MethodInvocationHelper.java:133)
	at org.testng.internal.TestInvoker.invokeMethod(TestInvoker.java:598)
	at org.testng.internal.TestInvoker.invokeTestMethod(TestInvoker.java:173)
	at org.testng.internal.MethodRunner.runInSequence(MethodRunner.java:46)
	at org.testng.internal.TestInvoker$MethodInvocationAgent.invoke(TestInvoker.java:824)
	at org.testng.internal.TestInvoker.invokeTestMethods(TestInvoker.java:146)
	at org.testng.internal.TestMethodWorker.invokeTestMethods(TestMethodWorker.java:146)
	at org.testng.internal.TestMethodWorker.run(TestMethodWorker.java:128)
	at java.base/java.util.ArrayList.forEach(ArrayList.java:1597)
	at org.testng.TestRunner.privateRun(TestRunner.java:794)
	at org.testng.TestRunner.run(TestRunner.java:596)
	at org.testng.SuiteRunner.runTest(SuiteRunner.java:377)
	at org.testng.SuiteRunner.runSequentially(SuiteRunner.java:371)
	at org.testng.SuiteRunner.privateRun(SuiteRunner.java:332)
	at org.testng.SuiteRunner.run(SuiteRunner.java:276)
	at org.testng.SuiteRunnerWorker.runSuite(SuiteRunnerWorker.java:53)
	at org.testng.SuiteRunnerWorker.run(SuiteRunnerWorker.java:96)
	at org.testng.TestNG.runSuitesSequentially(TestNG.java:1212)
	at org.testng.TestNG.runSuitesLocally(TestNG.java:1134)
	at org.testng.TestNG.runSuites(TestNG.java:1063)
	at org.testng.TestNG.run(TestNG.java:1031)
	at org.apache.maven.surefire.testng.TestNGExecutor.run(TestNGExecutor.java:155)
	at org.apache.maven.surefire.testng.TestNGDirectoryTestSuite.executeSingleClass(TestNGDirectoryTestSuite.java:102)
	at org.apache.maven.surefire.testng.TestNGDirectoryTestSuite.execute(TestNGDirectoryTestSuite.java:91)
	at org.apache.maven.surefire.testng.TestNGProvider.invoke(TestNGProvider.java:137)
	at org.apache.maven.surefire.booter.ForkedBooter.runSuitesInProcess(ForkedBooter.java:385)
	at org.apache.maven.surefire.booter.ForkedBooter.execute(ForkedBooter.java:162)
	at org.apache.maven.surefire.booter.ForkedBooter.run(ForkedBooter.java:507)
	at org.apache.maven.surefire.booter.ForkedBooter.main(ForkedBooter.java:495)
Caused by: com.microsoft.playwright.TimeoutError: Error {
  message='Timeout 30000ms exceeded.
  name='TimeoutError
  stack='TimeoutError: Timeout 30000ms exceeded.
    at ProgressController.run (/private/var/folders/05/hxtcj21x1ks01xktcq0nwfs40000gn/T/playwright-java-4538967985815362162/package/lib/server/progress.js:78:26)
    at Frame.click (/private/var/folders/05/hxtcj21x1ks01xktcq0nwfs40000gn/T/playwright-java-4538967985815362162/package/lib/server/frames.js:996:23)
    at FrameDispatcher.click (/private/var/folders/05/hxtcj21x1ks01xktcq0nwfs40000gn/T/playwright-java-4538967985815362162/package/lib/server/dispatchers/frameDispatcher.js:158:30)
    at FrameDispatcher._handleCommand (/private/var/folders/05/hxtcj21x1ks01xktcq0nwfs40000gn/T/playwright-java-4538967985815362162/package/lib/server/dispatchers/dispatcher.js:94:40)
    at DispatcherConnection.dispatch (/private/var/folders/05/hxtcj21x1ks01xktcq0nwfs40000gn/T/playwright-java-4538967985815362162/package/lib/server/dispatchers/dispatcher.js:365:39)
}
Call log:
- waiting for locator("[data-tab='employees']")

	at com.microsoft.playwright.impl.Connection.dispatch(Connection.java:254)
	at com.microsoft.playwright.impl.Connection.processOneMessage(Connection.java:211)
	at com.microsoft.playwright.impl.ChannelOwner.runUntil(ChannelOwner.java:118)
	... 43 more
]]></failure>
  </testcase>
</testsuite>